{"C:\\Users\\johchikk_\\Desktop\\SEProject\\StayFit\\ArrayList.js":{"path":"C:\\Users\\johchikk_\\Desktop\\SEProject\\StayFit\\ArrayList.js","s":{"1":6,"2":6,"3":11,"4":10,"5":10,"6":10,"7":28,"8":8,"9":8,"10":8,"11":2,"12":2,"13":1,"14":1,"15":1,"16":1,"17":2,"18":2,"19":1,"20":1,"21":1,"22":1,"23":3,"24":5,"25":1,"26":2,"27":3,"28":14,"29":14,"30":4,"31":1,"32":1,"33":1,"34":2,"35":2,"36":3,"37":1,"38":1,"39":1,"40":1,"41":1,"42":6,"43":2,"44":1,"45":1,"46":1,"47":1,"48":6,"49":2,"50":2,"51":1,"52":1,"53":2,"54":1},"b":{"1":[10,1],"2":[11,11,10],"3":[8,20],"4":[1,1],"5":[2,1],"6":[1,4],"7":[1,2],"8":[2,4],"9":[2,4]},"f":{"1":6,"2":11,"3":10,"4":2,"5":3,"6":3,"7":4,"8":1,"9":2,"10":1,"11":1,"12":1},"fnMap":{"1":{"name":"(anonymous_1)","line":3,"loc":{"start":{"line":3,"column":15},"end":{"line":3,"column":22}}},"2":{"name":"(anonymous_2)","line":8,"loc":{"start":{"line":8,"column":10},"end":{"line":8,"column":22}}},"3":{"name":"(anonymous_3)","line":15,"loc":{"start":{"line":15,"column":7},"end":{"line":15,"column":14}}},"4":{"name":"(anonymous_4)","line":26,"loc":{"start":{"line":26,"column":10},"end":{"line":26,"column":16}}},"5":{"name":"(anonymous_5)","line":44,"loc":{"start":{"line":44,"column":11},"end":{"line":44,"column":14}}},"6":{"name":"(anonymous_6)","line":54,"loc":{"start":{"line":54,"column":9},"end":{"line":54,"column":12}}},"7":{"name":"(anonymous_7)","line":61,"loc":{"start":{"line":61,"column":7},"end":{"line":61,"column":13}}},"8":{"name":"(anonymous_8)","line":65,"loc":{"start":{"line":65,"column":7},"end":{"line":65,"column":17}}},"9":{"name":"(anonymous_9)","line":71,"loc":{"start":{"line":71,"column":11},"end":{"line":71,"column":16}}},"10":{"name":"(anonymous_10)","line":82,"loc":{"start":{"line":82,"column":8},"end":{"line":82,"column":11}}},"11":{"name":"(anonymous_11)","line":86,"loc":{"start":{"line":86,"column":8},"end":{"line":86,"column":11}}},"12":{"name":"(anonymous_12)","line":96,"loc":{"start":{"line":96,"column":14},"end":{"line":96,"column":17}}}},"statementMap":{"1":{"start":{"line":4,"column":6},"end":{"line":4,"column":35}},"2":{"start":{"line":5,"column":6},"end":{"line":5,"column":20}},"3":{"start":{"line":9,"column":6},"end":{"line":12,"column":7}},"4":{"start":{"line":10,"column":8},"end":{"line":10,"column":31}},"5":{"start":{"line":11,"column":8},"end":{"line":11,"column":23}},"6":{"start":{"line":16,"column":6},"end":{"line":22,"column":7}},"7":{"start":{"line":17,"column":8},"end":{"line":21,"column":9}},"8":{"start":{"line":18,"column":10},"end":{"line":18,"column":23}},"9":{"start":{"line":19,"column":10},"end":{"line":19,"column":38}},"10":{"start":{"line":20,"column":10},"end":{"line":20,"column":22}},"11":{"start":{"line":23,"column":6},"end":{"line":23,"column":19}},"12":{"start":{"line":27,"column":6},"end":{"line":38,"column":7}},"13":{"start":{"line":28,"column":8},"end":{"line":28,"column":34}},"14":{"start":{"line":29,"column":8},"end":{"line":29,"column":14}},"15":{"start":{"line":30,"column":8},"end":{"line":30,"column":14}},"16":{"start":{"line":31,"column":8},"end":{"line":34,"column":9}},"17":{"start":{"line":32,"column":10},"end":{"line":32,"column":23}},"18":{"start":{"line":33,"column":10},"end":{"line":33,"column":44}},"19":{"start":{"line":35,"column":8},"end":{"line":35,"column":36}},"20":{"start":{"line":36,"column":8},"end":{"line":36,"column":31}},"21":{"start":{"line":37,"column":6},"end":{"line":37,"column":17}},"22":{"start":{"line":39,"column":6},"end":{"line":39,"column":16}},"23":{"start":{"line":45,"column":6},"end":{"line":49,"column":7}},"24":{"start":{"line":46,"column":8},"end":{"line":48,"column":9}},"25":{"start":{"line":47,"column":10},"end":{"line":47,"column":23}},"26":{"start":{"line":51,"column":6},"end":{"line":51,"column":18}},"27":{"start":{"line":55,"column":6},"end":{"line":58,"column":7}},"28":{"start":{"line":56,"column":8},"end":{"line":56,"column":29}},"29":{"start":{"line":57,"column":8},"end":{"line":57,"column":25}},"30":{"start":{"line":62,"column":6},"end":{"line":62,"column":29}},"31":{"start":{"line":66,"column":6},"end":{"line":66,"column":27}},"32":{"start":{"line":67,"column":6},"end":{"line":67,"column":21}},"33":{"start":{"line":68,"column":6},"end":{"line":68,"column":29}},"34":{"start":{"line":72,"column":6},"end":{"line":72,"column":20}},"35":{"start":{"line":74,"column":6},"end":{"line":78,"column":7}},"36":{"start":{"line":75,"column":8},"end":{"line":77,"column":9}},"37":{"start":{"line":76,"column":10},"end":{"line":76,"column":19}},"38":{"start":{"line":79,"column":6},"end":{"line":79,"column":18}},"39":{"start":{"line":83,"column":6},"end":{"line":83,"column":31}},"40":{"start":{"line":87,"column":6},"end":{"line":87,"column":22}},"41":{"start":{"line":88,"column":6},"end":{"line":92,"column":7}},"42":{"start":{"line":89,"column":8},"end":{"line":91,"column":9}},"43":{"start":{"line":90,"column":10},"end":{"line":90,"column":32}},"44":{"start":{"line":93,"column":6},"end":{"line":93,"column":21}},"45":{"start":{"line":97,"column":6},"end":{"line":97,"column":39}},"46":{"start":{"line":98,"column":6},"end":{"line":98,"column":18}},"47":{"start":{"line":99,"column":6},"end":{"line":104,"column":7}},"48":{"start":{"line":100,"column":8},"end":{"line":103,"column":9}},"49":{"start":{"line":101,"column":10},"end":{"line":101,"column":34}},"50":{"start":{"line":102,"column":10},"end":{"line":102,"column":16}},"51":{"start":{"line":105,"column":6},"end":{"line":105,"column":19}},"52":{"start":{"line":106,"column":6},"end":{"line":108,"column":7}},"53":{"start":{"line":107,"column":8},"end":{"line":107,"column":31}},"54":{"start":{"line":114,"column":2},"end":{"line":114,"column":29}}},"branchMap":{"1":{"line":9,"type":"if","locations":[{"start":{"line":9,"column":6},"end":{"line":9,"column":6}},{"start":{"line":9,"column":6},"end":{"line":9,"column":6}}]},"2":{"line":9,"type":"binary-expr","locations":[{"start":{"line":9,"column":10},"end":{"line":9,"column":33}},{"start":{"line":9,"column":37},"end":{"line":9,"column":60}},{"start":{"line":9,"column":64},"end":{"line":9,"column":72}}]},"3":{"line":17,"type":"if","locations":[{"start":{"line":17,"column":8},"end":{"line":17,"column":8}},{"start":{"line":17,"column":8},"end":{"line":17,"column":8}}]},"4":{"line":27,"type":"if","locations":[{"start":{"line":27,"column":6},"end":{"line":27,"column":6}},{"start":{"line":27,"column":6},"end":{"line":27,"column":6}}]},"5":{"line":27,"type":"binary-expr","locations":[{"start":{"line":27,"column":10},"end":{"line":27,"column":33}},{"start":{"line":27,"column":37},"end":{"line":27,"column":45}}]},"6":{"line":46,"type":"if","locations":[{"start":{"line":46,"column":8},"end":{"line":46,"column":8}},{"start":{"line":46,"column":8},"end":{"line":46,"column":8}}]},"7":{"line":75,"type":"if","locations":[{"start":{"line":75,"column":8},"end":{"line":75,"column":8}},{"start":{"line":75,"column":8},"end":{"line":75,"column":8}}]},"8":{"line":89,"type":"if","locations":[{"start":{"line":89,"column":8},"end":{"line":89,"column":8}},{"start":{"line":89,"column":8},"end":{"line":89,"column":8}}]},"9":{"line":100,"type":"if","locations":[{"start":{"line":100,"column":8},"end":{"line":100,"column":8}},{"start":{"line":100,"column":8},"end":{"line":100,"column":8}}]}}},"C:\\Users\\johchikk_\\Desktop\\SEProject\\StayFit\\Visitor.js":{"path":"C:\\Users\\johchikk_\\Desktop\\SEProject\\StayFit\\Visitor.js","s":{"1":7,"2":7,"3":7,"4":7,"5":7,"6":7,"7":7,"8":4,"9":1,"10":1,"11":1,"12":1,"13":1,"14":1,"15":1},"b":{},"f":{"1":7,"2":4,"3":1,"4":1,"5":1,"6":1,"7":1,"8":1},"fnMap":{"1":{"name":"(anonymous_1)","line":2,"loc":{"start":{"line":2,"column":15},"end":{"line":2,"column":64}}},"2":{"name":"(anonymous_2)","line":12,"loc":{"start":{"line":12,"column":11},"end":{"line":12,"column":14}}},"3":{"name":"(anonymous_3)","line":16,"loc":{"start":{"line":16,"column":10},"end":{"line":16,"column":13}}},"4":{"name":"(anonymous_4)","line":19,"loc":{"start":{"line":19,"column":13},"end":{"line":19,"column":16}}},"5":{"name":"(anonymous_5)","line":23,"loc":{"start":{"line":23,"column":13},"end":{"line":23,"column":16}}},"6":{"name":"(anonymous_6)","line":26,"loc":{"start":{"line":26,"column":13},"end":{"line":26,"column":16}}},"7":{"name":"(anonymous_7)","line":30,"loc":{"start":{"line":30,"column":16},"end":{"line":30,"column":19}}},"8":{"name":"(anonymous_8)","line":33,"loc":{"start":{"line":33,"column":13},"end":{"line":33,"column":16}}}},"statementMap":{"1":{"start":{"line":3,"column":6},"end":{"line":3,"column":23}},"2":{"start":{"line":4,"column":6},"end":{"line":4,"column":21}},"3":{"start":{"line":5,"column":6},"end":{"line":5,"column":27}},"4":{"start":{"line":6,"column":6},"end":{"line":6,"column":27}},"5":{"start":{"line":7,"column":6},"end":{"line":7,"column":27}},"6":{"start":{"line":8,"column":6},"end":{"line":8,"column":33}},"7":{"start":{"line":9,"column":6},"end":{"line":9,"column":27}},"8":{"start":{"line":13,"column":6},"end":{"line":13,"column":23}},"9":{"start":{"line":17,"column":8},"end":{"line":17,"column":24}},"10":{"start":{"line":20,"column":8},"end":{"line":20,"column":27}},"11":{"start":{"line":24,"column":8},"end":{"line":24,"column":27}},"12":{"start":{"line":27,"column":8},"end":{"line":27,"column":27}},"13":{"start":{"line":31,"column":8},"end":{"line":31,"column":30}},"14":{"start":{"line":34,"column":8},"end":{"line":34,"column":27}},"15":{"start":{"line":38,"column":2},"end":{"line":38,"column":27}}},"branchMap":{}},"C:\\Users\\johchikk_\\Desktop\\SEProject\\StayFit\\calculate.js":{"path":"C:\\Users\\johchikk_\\Desktop\\SEProject\\StayFit\\calculate.js","s":{"1":10,"2":10,"3":10,"4":10,"5":10,"6":10,"7":5,"8":10,"9":5,"10":10,"11":2,"12":10,"13":2,"14":10,"15":2,"16":10,"17":2,"18":10,"19":2,"20":10,"21":1},"b":{"1":[5,5],"2":[5,5],"3":[2,8],"4":[2,8],"5":[2,8],"6":[2,8],"7":[2,8]},"f":{"1":10,"2":10},"fnMap":{"1":{"name":"(anonymous_1)","line":4,"loc":{"start":{"line":4,"column":13},"end":{"line":4,"column":32}}},"2":{"name":"(anonymous_2)","line":11,"loc":{"start":{"line":11,"column":9},"end":{"line":11,"column":12}}}},"statementMap":{"1":{"start":{"line":5,"column":4},"end":{"line":5,"column":14}},"2":{"start":{"line":6,"column":4},"end":{"line":6,"column":14}},"3":{"start":{"line":7,"column":4},"end":{"line":7,"column":18}},"4":{"start":{"line":8,"column":4},"end":{"line":8,"column":24}},"5":{"start":{"line":9,"column":4},"end":{"line":9,"column":16}},"6":{"start":{"line":13,"column":4},"end":{"line":16,"column":5}},"7":{"start":{"line":14,"column":9},"end":{"line":14,"column":60}},"8":{"start":{"line":16,"column":5},"end":{"line":19,"column":5}},"9":{"start":{"line":17,"column":9},"end":{"line":17,"column":62}},"10":{"start":{"line":20,"column":4},"end":{"line":23,"column":5}},"11":{"start":{"line":21,"column":6},"end":{"line":21,"column":24}},"12":{"start":{"line":24,"column":4},"end":{"line":27,"column":5}},"13":{"start":{"line":25,"column":6},"end":{"line":25,"column":26}},"14":{"start":{"line":28,"column":4},"end":{"line":31,"column":5}},"15":{"start":{"line":29,"column":6},"end":{"line":29,"column":25}},"16":{"start":{"line":32,"column":4},"end":{"line":35,"column":5}},"17":{"start":{"line":33,"column":6},"end":{"line":33,"column":26}},"18":{"start":{"line":36,"column":4},"end":{"line":39,"column":5}},"19":{"start":{"line":37,"column":6},"end":{"line":37,"column":24}},"20":{"start":{"line":42,"column":4},"end":{"line":42,"column":16}},"21":{"start":{"line":47,"column":0},"end":{"line":47,"column":27}}},"branchMap":{"1":{"line":13,"type":"if","locations":[{"start":{"line":13,"column":4},"end":{"line":13,"column":4}},{"start":{"line":13,"column":4},"end":{"line":13,"column":4}}]},"2":{"line":16,"type":"if","locations":[{"start":{"line":16,"column":5},"end":{"line":16,"column":5}},{"start":{"line":16,"column":5},"end":{"line":16,"column":5}}]},"3":{"line":20,"type":"if","locations":[{"start":{"line":20,"column":4},"end":{"line":20,"column":4}},{"start":{"line":20,"column":4},"end":{"line":20,"column":4}}]},"4":{"line":24,"type":"if","locations":[{"start":{"line":24,"column":4},"end":{"line":24,"column":4}},{"start":{"line":24,"column":4},"end":{"line":24,"column":4}}]},"5":{"line":28,"type":"if","locations":[{"start":{"line":28,"column":4},"end":{"line":28,"column":4}},{"start":{"line":28,"column":4},"end":{"line":28,"column":4}}]},"6":{"line":32,"type":"if","locations":[{"start":{"line":32,"column":4},"end":{"line":32,"column":4}},{"start":{"line":32,"column":4},"end":{"line":32,"column":4}}]},"7":{"line":36,"type":"if","locations":[{"start":{"line":36,"column":4},"end":{"line":36,"column":4}},{"start":{"line":36,"column":4},"end":{"line":36,"column":4}}]}}},"C:\\Users\\johchikk_\\Desktop\\SEProject\\StayFit\\addcal.js":{"path":"C:\\Users\\johchikk_\\Desktop\\SEProject\\StayFit\\addcal.js","s":{"1":1,"2":1,"3":1,"4":1,"5":1,"6":1,"7":1},"b":{},"f":{"1":1,"2":1},"fnMap":{"1":{"name":"(anonymous_1)","line":2,"loc":{"start":{"line":2,"column":15},"end":{"line":2,"column":38}}},"2":{"name":"(anonymous_2)","line":7,"loc":{"start":{"line":7,"column":14},"end":{"line":7,"column":16}}}},"statementMap":{"1":{"start":{"line":3,"column":8},"end":{"line":3,"column":24}},"2":{"start":{"line":4,"column":8},"end":{"line":4,"column":30}},"3":{"start":{"line":5,"column":8},"end":{"line":5,"column":32}},"4":{"start":{"line":9,"column":11},"end":{"line":9,"column":50}},"5":{"start":{"line":10,"column":11},"end":{"line":10,"column":42}},"6":{"start":{"line":11,"column":11},"end":{"line":11,"column":28}},"7":{"start":{"line":22,"column":0},"end":{"line":22,"column":24}}},"branchMap":{}},"C:\\Users\\johchikk_\\Desktop\\SEProject\\StayFit\\MenuList.js":{"path":"C:\\Users\\johchikk_\\Desktop\\SEProject\\StayFit\\MenuList.js","s":{"1":1,"2":1,"3":1,"4":1,"5":1},"b":{},"f":{"1":1,"2":1,"3":1},"fnMap":{"1":{"name":"(anonymous_1)","line":2,"loc":{"start":{"line":2,"column":15},"end":{"line":2,"column":34}}},"2":{"name":"(anonymous_2)","line":7,"loc":{"start":{"line":7,"column":14},"end":{"line":7,"column":17}}},"3":{"name":"(anonymous_3)","line":11,"loc":{"start":{"line":11,"column":15},"end":{"line":11,"column":18}}}},"statementMap":{"1":{"start":{"line":3,"column":6},"end":{"line":3,"column":29}},"2":{"start":{"line":4,"column":6},"end":{"line":4,"column":31}},"3":{"start":{"line":8,"column":6},"end":{"line":8,"column":26}},"4":{"start":{"line":12,"column":8},"end":{"line":12,"column":29}},"5":{"start":{"line":17,"column":2},"end":{"line":17,"column":28}}},"branchMap":{}}}