TN:
SF:C:\Users\johchikk_\Desktop\SEProject\StayFit\ArrayList.js
FN:3,(anonymous_1)
FN:8,(anonymous_2)
FN:15,(anonymous_3)
FN:26,(anonymous_4)
FN:44,(anonymous_5)
FN:54,(anonymous_6)
FN:61,(anonymous_7)
FN:65,(anonymous_8)
FN:71,(anonymous_9)
FN:82,(anonymous_10)
FN:86,(anonymous_11)
FN:96,(anonymous_12)
FNF:12
FNH:12
FNDA:6,(anonymous_1)
FNDA:11,(anonymous_2)
FNDA:10,(anonymous_3)
FNDA:2,(anonymous_4)
FNDA:3,(anonymous_5)
FNDA:3,(anonymous_6)
FNDA:4,(anonymous_7)
FNDA:1,(anonymous_8)
FNDA:2,(anonymous_9)
FNDA:1,(anonymous_10)
FNDA:1,(anonymous_11)
FNDA:1,(anonymous_12)
DA:4,6
DA:5,6
DA:9,11
DA:10,10
DA:11,10
DA:16,10
DA:17,28
DA:18,8
DA:19,8
DA:20,8
DA:23,2
DA:27,2
DA:28,1
DA:29,1
DA:30,1
DA:31,1
DA:32,2
DA:33,2
DA:35,1
DA:36,1
DA:37,1
DA:39,1
DA:45,3
DA:46,5
DA:47,1
DA:51,2
DA:55,3
DA:56,14
DA:57,14
DA:62,4
DA:66,1
DA:67,1
DA:68,1
DA:72,2
DA:74,2
DA:75,3
DA:76,1
DA:79,1
DA:83,1
DA:87,1
DA:88,1
DA:89,6
DA:90,2
DA:93,1
DA:97,1
DA:98,1
DA:99,1
DA:100,6
DA:101,2
DA:102,2
DA:105,1
DA:106,1
DA:107,2
DA:114,1
LF:54
LH:54
BRDA:9,1,0,10
BRDA:9,1,1,1
BRDA:9,2,0,11
BRDA:9,2,1,11
BRDA:9,2,2,10
BRDA:17,3,0,8
BRDA:17,3,1,20
BRDA:27,4,0,1
BRDA:27,4,1,1
BRDA:27,5,0,2
BRDA:27,5,1,1
BRDA:46,6,0,1
BRDA:46,6,1,4
BRDA:75,7,0,1
BRDA:75,7,1,2
BRDA:89,8,0,2
BRDA:89,8,1,4
BRDA:100,9,0,2
BRDA:100,9,1,4
BRF:19
BRH:19
end_of_record
TN:
SF:C:\Users\johchikk_\Desktop\SEProject\StayFit\Visitor.js
FN:2,(anonymous_1)
FN:12,(anonymous_2)
FN:16,(anonymous_3)
FN:19,(anonymous_4)
FN:23,(anonymous_5)
FN:26,(anonymous_6)
FN:30,(anonymous_7)
FN:33,(anonymous_8)
FNF:8
FNH:8
FNDA:7,(anonymous_1)
FNDA:4,(anonymous_2)
FNDA:1,(anonymous_3)
FNDA:1,(anonymous_4)
FNDA:1,(anonymous_5)
FNDA:1,(anonymous_6)
FNDA:1,(anonymous_7)
FNDA:1,(anonymous_8)
DA:3,7
DA:4,7
DA:5,7
DA:6,7
DA:7,7
DA:8,7
DA:9,7
DA:13,4
DA:17,1
DA:20,1
DA:24,1
DA:27,1
DA:31,1
DA:34,1
DA:38,1
LF:15
LH:15
BRF:0
BRH:0
end_of_record
TN:
SF:C:\Users\johchikk_\Desktop\SEProject\StayFit\calculate.js
FN:4,(anonymous_1)
FN:11,(anonymous_2)
FNF:2
FNH:2
FNDA:10,(anonymous_1)
FNDA:10,(anonymous_2)
DA:5,10
DA:6,10
DA:7,10
DA:8,10
DA:9,10
DA:13,10
DA:14,5
DA:16,10
DA:17,5
DA:20,10
DA:21,2
DA:24,10
DA:25,2
DA:28,10
DA:29,2
DA:32,10
DA:33,2
DA:36,10
DA:37,2
DA:42,10
DA:47,1
LF:21
LH:21
BRDA:13,1,0,5
BRDA:13,1,1,5
BRDA:16,2,0,5
BRDA:16,2,1,5
BRDA:20,3,0,2
BRDA:20,3,1,8
BRDA:24,4,0,2
BRDA:24,4,1,8
BRDA:28,5,0,2
BRDA:28,5,1,8
BRDA:32,6,0,2
BRDA:32,6,1,8
BRDA:36,7,0,2
BRDA:36,7,1,8
BRF:14
BRH:14
end_of_record
TN:
SF:C:\Users\johchikk_\Desktop\SEProject\StayFit\addcal.js
FN:2,(anonymous_1)
FN:7,(anonymous_2)
FNF:2
FNH:2
FNDA:1,(anonymous_1)
FNDA:1,(anonymous_2)
DA:3,1
DA:4,1
DA:5,1
DA:9,1
DA:10,1
DA:11,1
DA:22,1
LF:7
LH:7
BRF:0
BRH:0
end_of_record
TN:
SF:C:\Users\johchikk_\Desktop\SEProject\StayFit\MenuList.js
FN:2,(anonymous_1)
FN:7,(anonymous_2)
FN:11,(anonymous_3)
FNF:3
FNH:3
FNDA:1,(anonymous_1)
FNDA:1,(anonymous_2)
FNDA:1,(anonymous_3)
DA:3,1
DA:4,1
DA:8,1
DA:12,1
DA:17,1
LF:5
LH:5
BRF:0
BRH:0
end_of_record
